Created by PLY version 3.11 (http://www.dabeaz.com/ply)

Grammar

Rule 0     S' -> statement
Rule 1     statement -> IF LPAREN IDENTIFIER RPAREN LBRACE RBRACE
Rule 2     statement -> WHILE LPAREN IDENTIFIER RPAREN LBRACE RBRACE
Rule 3     statement -> FOR LPAREN IDENTIFIER SEMICOLON IDENTIFIER SEMICOLON IDENTIFIER RPAREN LBRACE RBRACE

Terminals, with rules where they appear

FOR                  : 3
IDENTIFIER           : 1 2 3 3 3
IF                   : 1
LBRACE               : 1 2 3
LPAREN               : 1 2 3
RBRACE               : 1 2 3
RPAREN               : 1 2 3
SEMICOLON            : 3 3
WHILE                : 2
error                : 

Nonterminals, with rules where they appear

statement            : 0

Parsing method: LALR

state 0

    (0) S' -> . statement
    (1) statement -> . IF LPAREN IDENTIFIER RPAREN LBRACE RBRACE
    (2) statement -> . WHILE LPAREN IDENTIFIER RPAREN LBRACE RBRACE
    (3) statement -> . FOR LPAREN IDENTIFIER SEMICOLON IDENTIFIER SEMICOLON IDENTIFIER RPAREN LBRACE RBRACE

    IF              shift and go to state 2
    WHILE           shift and go to state 3
    FOR             shift and go to state 4

    statement                      shift and go to state 1

state 1

    (0) S' -> statement .



state 2

    (1) statement -> IF . LPAREN IDENTIFIER RPAREN LBRACE RBRACE

    LPAREN          shift and go to state 5


state 3

    (2) statement -> WHILE . LPAREN IDENTIFIER RPAREN LBRACE RBRACE

    LPAREN          shift and go to state 6


state 4

    (3) statement -> FOR . LPAREN IDENTIFIER SEMICOLON IDENTIFIER SEMICOLON IDENTIFIER RPAREN LBRACE RBRACE

    LPAREN          shift and go to state 7


state 5

    (1) statement -> IF LPAREN . IDENTIFIER RPAREN LBRACE RBRACE

    IDENTIFIER      shift and go to state 8


state 6

    (2) statement -> WHILE LPAREN . IDENTIFIER RPAREN LBRACE RBRACE

    IDENTIFIER      shift and go to state 9


state 7

    (3) statement -> FOR LPAREN . IDENTIFIER SEMICOLON IDENTIFIER SEMICOLON IDENTIFIER RPAREN LBRACE RBRACE

    IDENTIFIER      shift and go to state 10


state 8

    (1) statement -> IF LPAREN IDENTIFIER . RPAREN LBRACE RBRACE

    RPAREN          shift and go to state 11


state 9

    (2) statement -> WHILE LPAREN IDENTIFIER . RPAREN LBRACE RBRACE

    RPAREN          shift and go to state 12


state 10

    (3) statement -> FOR LPAREN IDENTIFIER . SEMICOLON IDENTIFIER SEMICOLON IDENTIFIER RPAREN LBRACE RBRACE

    SEMICOLON       shift and go to state 13


state 11

    (1) statement -> IF LPAREN IDENTIFIER RPAREN . LBRACE RBRACE

    LBRACE          shift and go to state 14


state 12

    (2) statement -> WHILE LPAREN IDENTIFIER RPAREN . LBRACE RBRACE

    LBRACE          shift and go to state 15


state 13

    (3) statement -> FOR LPAREN IDENTIFIER SEMICOLON . IDENTIFIER SEMICOLON IDENTIFIER RPAREN LBRACE RBRACE

    IDENTIFIER      shift and go to state 16


state 14

    (1) statement -> IF LPAREN IDENTIFIER RPAREN LBRACE . RBRACE

    RBRACE          shift and go to state 17


state 15

    (2) statement -> WHILE LPAREN IDENTIFIER RPAREN LBRACE . RBRACE

    RBRACE          shift and go to state 18


state 16

    (3) statement -> FOR LPAREN IDENTIFIER SEMICOLON IDENTIFIER . SEMICOLON IDENTIFIER RPAREN LBRACE RBRACE

    SEMICOLON       shift and go to state 19


state 17

    (1) statement -> IF LPAREN IDENTIFIER RPAREN LBRACE RBRACE .

    $end            reduce using rule 1 (statement -> IF LPAREN IDENTIFIER RPAREN LBRACE RBRACE .)


state 18

    (2) statement -> WHILE LPAREN IDENTIFIER RPAREN LBRACE RBRACE .

    $end            reduce using rule 2 (statement -> WHILE LPAREN IDENTIFIER RPAREN LBRACE RBRACE .)


state 19

    (3) statement -> FOR LPAREN IDENTIFIER SEMICOLON IDENTIFIER SEMICOLON . IDENTIFIER RPAREN LBRACE RBRACE

    IDENTIFIER      shift and go to state 20


state 20

    (3) statement -> FOR LPAREN IDENTIFIER SEMICOLON IDENTIFIER SEMICOLON IDENTIFIER . RPAREN LBRACE RBRACE

    RPAREN          shift and go to state 21


state 21

    (3) statement -> FOR LPAREN IDENTIFIER SEMICOLON IDENTIFIER SEMICOLON IDENTIFIER RPAREN . LBRACE RBRACE

    LBRACE          shift and go to state 22


state 22

    (3) statement -> FOR LPAREN IDENTIFIER SEMICOLON IDENTIFIER SEMICOLON IDENTIFIER RPAREN LBRACE . RBRACE

    RBRACE          shift and go to state 23


state 23

    (3) statement -> FOR LPAREN IDENTIFIER SEMICOLON IDENTIFIER SEMICOLON IDENTIFIER RPAREN LBRACE RBRACE .

    $end            reduce using rule 3 (statement -> FOR LPAREN IDENTIFIER SEMICOLON IDENTIFIER SEMICOLON IDENTIFIER RPAREN LBRACE RBRACE .)

